<?xml version="1.0" encoding="UTF-8"?>
<!-- Generated by org.testng.reporters.JUnitXMLReporter -->
<testsuite hostname="DESKTOP-R3P7M09" ignored="0" name="Free CRM App Test cases" tests="5" failures="0" timestamp="07 Jul 2019 04:55:46 GMT" time="114.473" errors="0">
  <testcase name="verifyContactsPageLabelTest" time="0.056" classname="com.ma.qa.testcases.ContactPageTest"/>
  <testcase name="loginPageTitleTest" time="0.016" classname="com.ma.qa.testcases.LoginPageTest"/>
  <testcase name="selectContactName" time="0.139" classname="com.ma.qa.testcases.ContactPageTest"/>
  <testcase name="verifyCRMImageTest" time="0.06" classname="com.ma.qa.testcases.LoginPageTest"/>
  <testcase name="loginTest" time="14.601" classname="com.ma.qa.testcases.LoginPageTest"/>
</testsuite> <!-- Free CRM App Test cases -->
