<?xml version="1.0" encoding="UTF-8"?>
<!-- Generated by org.testng.reporters.JUnitXMLReporter -->
<testsuite hostname="DESKTOP-R3P7M09" ignored="0" name="Default test" tests="2" failures="0" timestamp="06 Jul 2019 15:49:06 GMT" time="59.113" errors="0">
  <testcase name="verifyContactsPageLabelTest" time="0.036" classname="com.ma.qa.testcases.ContactPageTest"/>
  <testcase name="selectContactName" time="0.111" classname="com.ma.qa.testcases.ContactPageTest"/>
</testsuite> <!-- Default test -->
