<?xml version="1.0" encoding="UTF-8"?>
<testng-results skipped="0" failed="0" ignored="0" total="2" passed="2">
  <reporter-output>
  </reporter-output>
  <suite name="Default suite" duration-ms="59113" started-at="2019-07-06T15:48:07Z" finished-at="2019-07-06T15:49:06Z">
    <groups>
    </groups>
    <test name="Default test" duration-ms="59113" started-at="2019-07-06T15:48:07Z" finished-at="2019-07-06T15:49:06Z">
      <class name="com.ma.qa.testcases.ContactPageTest">
        <test-method status="PASS" signature="setUp()[pri:0, instance:com.ma.qa.testcases.ContactPageTest@57fffcd7]" name="setUp" is-config="true" duration-ms="25157" started-at="2019-07-06T15:48:07Z" finished-at="2019-07-06T15:48:32Z">
          <reporter-output>
          </reporter-output>
        </test-method> <!-- setUp -->
        <test-method status="PASS" signature="verifyContactsPageLabelTest()[pri:1, instance:com.ma.qa.testcases.ContactPageTest@57fffcd7]" name="verifyContactsPageLabelTest" duration-ms="36" started-at="2019-07-06T15:48:32Z" finished-at="2019-07-06T15:48:32Z">
          <reporter-output>
          </reporter-output>
        </test-method> <!-- verifyContactsPageLabelTest -->
        <test-method status="PASS" signature="setUp()[pri:0, instance:com.ma.qa.testcases.ContactPageTest@57fffcd7]" name="setUp" is-config="true" duration-ms="33772" started-at="2019-07-06T15:48:32Z" finished-at="2019-07-06T15:49:06Z">
          <reporter-output>
          </reporter-output>
        </test-method> <!-- setUp -->
        <test-method status="PASS" signature="selectContactName()[pri:2, instance:com.ma.qa.testcases.ContactPageTest@57fffcd7]" name="selectContactName" duration-ms="111" started-at="2019-07-06T15:49:06Z" finished-at="2019-07-06T15:49:06Z">
          <reporter-output>
          </reporter-output>
        </test-method> <!-- selectContactName -->
        <test-method status="PASS" signature="tearDown()[pri:0, instance:com.ma.qa.testcases.ContactPageTest@57fffcd7]" name="tearDown" is-config="true" duration-ms="0" started-at="2019-07-06T15:49:06Z" finished-at="2019-07-06T15:49:06Z">
          <reporter-output>
          </reporter-output>
        </test-method> <!-- tearDown -->
      </class> <!-- com.ma.qa.testcases.ContactPageTest -->
    </test> <!-- Default test -->
  </suite> <!-- Default suite -->
</testng-results>
